android/app/build/intermediates/manifest_merge_blame_file/release/manifest-merger-blame-release-report.txt
1<?xml version="1.0" encoding="utf-8"?>
2<manifest xmlns:android="http://schemas.android.com/apk/res/android"
3    package="com.fleet"
4    android:versionCode="1"
5    android:versionName="1.0" >
6
7    <uses-sdk
8        android:minSdkVersion="21"
9        android:targetSdkVersion="34" />
10
11    <uses-permission android:name="android.permission.INTERNET" />
11-->src/main/AndroidManifest.xml:3:5-67
11-->src/main/AndroidManifest.xml:3:22-64
12    <uses-permission android:name="android.permission.ACCESS_FINE_LOCATION" />
12-->[:mapmyindia-map-react-native-beta] AndroidManifest.xml:8:5-79
12-->[:mapmyindia-map-react-native-beta] AndroidManifest.xml:8:22-76
13    <uses-permission android:name="android.permission.CAMERA" />
13-->[:react-native-camera] AndroidManifest.xml:7:5-65
13-->[:react-native-camera] AndroidManifest.xml:7:22-62
14
15    <uses-feature
15-->[:react-native-camera] AndroidManifest.xml:9:5-11:36
16        android:name="android.hardware.camera"
16-->[:react-native-camera] AndroidManifest.xml:10:9-47
17        android:required="false" />
17-->[:react-native-camera] AndroidManifest.xml:11:9-33
18    <uses-feature
18-->[:react-native-camera] AndroidManifest.xml:12:5-14:36
19        android:name="android.hardware.camera.autofocus"
19-->[:react-native-camera] AndroidManifest.xml:13:9-57
20        android:required="false" />
20-->[:react-native-camera] AndroidManifest.xml:14:9-33
21
22    <uses-permission android:name="android.permission.ACCESS_COARSE_LOCATION" /> <!-- TODO: Remove once GL-Native increases their manifest -->
22-->[:rnmapbox_maps] AndroidManifest.xml:8:5-81
22-->[:rnmapbox_maps] AndroidManifest.xml:8:22-78
23    <uses-feature
23-->[com.mapbox.maps:base:11.1.0] AndroidManifest.xml:8:5-10:35
24        android:glEsVersion="0x00030000"
24-->[com.mapbox.maps:base:11.1.0] AndroidManifest.xml:9:9-41
25        android:required="true" />
25-->[com.mapbox.maps:base:11.1.0] AndroidManifest.xml:10:9-32
26    <uses-feature
26-->[com.mapbox.maps:android-core:11.1.0] AndroidManifest.xml:13:5-15:36
27        android:name="android.hardware.wifi"
27-->[com.mapbox.maps:android-core:11.1.0] AndroidManifest.xml:14:9-45
28        android:required="false" />
28-->[com.mapbox.maps:android-core:11.1.0] AndroidManifest.xml:15:9-33
29
30    <uses-permission android:name="android.permission.ACCESS_NETWORK_STATE" />
30-->[com.mapbox.maps:android-core:11.1.0] AndroidManifest.xml:18:5-79
30-->[com.mapbox.maps:android-core:11.1.0] AndroidManifest.xml:18:22-76
31    <uses-permission android:name="android.permission.ACCESS_WIFI_STATE" />
31-->[com.mapbox.maps:android-core:11.1.0] AndroidManifest.xml:19:5-76
31-->[com.mapbox.maps:android-core:11.1.0] AndroidManifest.xml:19:22-73
32
33    <permission
33-->[androidx.core:core:1.9.0] AndroidManifest.xml:22:5-24:47
34        android:name="com.fleet.DYNAMIC_RECEIVER_NOT_EXPORTED_PERMISSION"
34-->[androidx.core:core:1.9.0] AndroidManifest.xml:23:9-81
35        android:protectionLevel="signature" />
35-->[androidx.core:core:1.9.0] AndroidManifest.xml:24:9-44
36
37    <uses-permission android:name="com.fleet.DYNAMIC_RECEIVER_NOT_EXPORTED_PERMISSION" />
37-->[androidx.core:core:1.9.0] AndroidManifest.xml:26:5-97
37-->[androidx.core:core:1.9.0] AndroidManifest.xml:26:22-94
38
39    <application
39-->src/main/AndroidManifest.xml:5:5-24:19
40        android:name="com.fleet.MainApplication"
40-->src/main/AndroidManifest.xml:6:7-38
41        android:allowBackup="false"
41-->src/main/AndroidManifest.xml:10:7-34
42        android:appComponentFactory="androidx.core.app.CoreComponentFactory"
42-->[androidx.core:core:1.9.0] AndroidManifest.xml:28:18-86
43        android:extractNativeLibs="true"
44        android:icon="@mipmap/ic_launcher"
44-->src/main/AndroidManifest.xml:8:7-41
45        android:label="@string/app_name"
45-->src/main/AndroidManifest.xml:7:7-39
46        android:roundIcon="@mipmap/ic_launcher_round"
46-->src/main/AndroidManifest.xml:9:7-52
47        android:theme="@style/AppTheme" >
47-->src/main/AndroidManifest.xml:11:7-38
48        <activity
48-->src/main/AndroidManifest.xml:12:7-23:18
49            android:name="com.fleet.MainActivity"
49-->src/main/AndroidManifest.xml:13:9-37
50            android:configChanges="keyboard|keyboardHidden|orientation|screenLayout|screenSize|smallestScreenSize|uiMode"
50-->src/main/AndroidManifest.xml:15:9-118
51            android:exported="true"
51-->src/main/AndroidManifest.xml:18:9-32
52            android:label="@string/app_name"
52-->src/main/AndroidManifest.xml:14:9-41
53            android:launchMode="singleTask"
53-->src/main/AndroidManifest.xml:16:9-40
54            android:windowSoftInputMode="adjustResize" >
54-->src/main/AndroidManifest.xml:17:9-51
55            <intent-filter>
55-->src/main/AndroidManifest.xml:19:9-22:25
56                <action android:name="android.intent.action.MAIN" />
56-->src/main/AndroidManifest.xml:20:13-65
56-->src/main/AndroidManifest.xml:20:21-62
57
58                <category android:name="android.intent.category.LAUNCHER" />
58-->src/main/AndroidManifest.xml:21:13-73
58-->src/main/AndroidManifest.xml:21:23-70
59            </intent-filter>
60        </activity>
61
62        <provider
62-->[:react-native-webview] AndroidManifest.xml:8:9-16:20
63            android:name="com.reactnativecommunity.webview.RNCWebViewFileProvider"
63-->[:react-native-webview] AndroidManifest.xml:9:13-83
64            android:authorities="com.fleet.fileprovider"
64-->[:react-native-webview] AndroidManifest.xml:10:13-64
65            android:exported="false"
65-->[:react-native-webview] AndroidManifest.xml:11:13-37
66            android:grantUriPermissions="true" >
66-->[:react-native-webview] AndroidManifest.xml:12:13-47
67            <meta-data
67-->[:react-native-webview] AndroidManifest.xml:13:13-15:63
68                android:name="android.support.FILE_PROVIDER_PATHS"
68-->[:react-native-webview] AndroidManifest.xml:14:17-67
69                android:resource="@xml/file_provider_paths" />
69-->[:react-native-webview] AndroidManifest.xml:15:17-60
70        </provider>
71        <provider
71-->[com.mapbox.maps:android-core:11.1.0] AndroidManifest.xml:22:9-30:20
72            android:name="androidx.startup.InitializationProvider"
72-->[com.mapbox.maps:android-core:11.1.0] AndroidManifest.xml:23:13-67
73            android:authorities="com.fleet.androidx-startup"
73-->[com.mapbox.maps:android-core:11.1.0] AndroidManifest.xml:24:13-68
74            android:exported="false" >
74-->[com.mapbox.maps:android-core:11.1.0] AndroidManifest.xml:25:13-37
75            <meta-data
75-->[com.mapbox.maps:android-core:11.1.0] AndroidManifest.xml:27:13-29:52
76                android:name="com.mapbox.maps.loader.MapboxMapsInitializer"
76-->[com.mapbox.maps:android-core:11.1.0] AndroidManifest.xml:28:17-76
77                android:value="androidx.startup" />
77-->[com.mapbox.maps:android-core:11.1.0] AndroidManifest.xml:29:17-49
78            <!-- This entry makes MapboxSDKCommonInitializer discoverable. -->
79            <meta-data
79-->[com.mapbox.common:common:24.1.0] AndroidManifest.xml:19:13-21:52
80                android:name="com.mapbox.common.MapboxSDKCommonInitializer"
80-->[com.mapbox.common:common:24.1.0] AndroidManifest.xml:20:17-76
81                android:value="androidx.startup" />
81-->[com.mapbox.common:common:24.1.0] AndroidManifest.xml:21:17-49
82            <meta-data
82-->[androidx.emoji2:emoji2:1.2.0] AndroidManifest.xml:29:13-31:52
83                android:name="androidx.emoji2.text.EmojiCompatInitializer"
83-->[androidx.emoji2:emoji2:1.2.0] AndroidManifest.xml:30:17-75
84                android:value="androidx.startup" />
84-->[androidx.emoji2:emoji2:1.2.0] AndroidManifest.xml:31:17-49
85            <meta-data
85-->[androidx.lifecycle:lifecycle-process:2.4.1] AndroidManifest.xml:31:13-33:52
86                android:name="androidx.lifecycle.ProcessLifecycleInitializer"
86-->[androidx.lifecycle:lifecycle-process:2.4.1] AndroidManifest.xml:32:17-78
87                android:value="androidx.startup" />
87-->[androidx.lifecycle:lifecycle-process:2.4.1] AndroidManifest.xml:33:17-49
88        </provider>
89
90        <receiver
90-->[com.mapbox.common:common:24.1.0] AndroidManifest.xml:24:9-31:20
91            android:name="com.mapbox.common.location.LocationUpdatesReceiver"
91-->[com.mapbox.common:common:24.1.0] AndroidManifest.xml:25:13-78
92            android:enabled="true"
92-->[com.mapbox.common:common:24.1.0] AndroidManifest.xml:26:13-35
93            android:exported="false" >
93-->[com.mapbox.common:common:24.1.0] AndroidManifest.xml:27:13-37
94            <intent-filter>
94-->[com.mapbox.common:common:24.1.0] AndroidManifest.xml:28:13-30:29
95                <action android:name="com.mapbox.common.location.LocationUpdatesReceiver.ACTION_PROCESS_LOCATION_UPDATES" />
95-->[com.mapbox.common:common:24.1.0] AndroidManifest.xml:29:17-125
95-->[com.mapbox.common:common:24.1.0] AndroidManifest.xml:29:25-122
96            </intent-filter>
97        </receiver>
98
99        <service
99-->[com.mapbox.common:common:24.1.0] AndroidManifest.xml:33:9-35:40
100            android:name="com.mapbox.common.LifecycleService"
100-->[com.mapbox.common:common:24.1.0] AndroidManifest.xml:34:13-62
101            android:exported="false" />
101-->[com.mapbox.common:common:24.1.0] AndroidManifest.xml:35:13-37
102        <service
102-->[com.google.android.gms:play-services-mlkit-barcode-scanning:16.2.0] AndroidManifest.xml:9:9-15:19
103            android:name="com.google.mlkit.common.internal.MlKitComponentDiscoveryService"
103-->[com.google.android.gms:play-services-mlkit-barcode-scanning:16.2.0] AndroidManifest.xml:10:13-91
104            android:directBootAware="true"
104-->[com.google.mlkit:common:17.2.0] AndroidManifest.xml:17:13-43
105            android:exported="false" >
105-->[com.google.android.gms:play-services-mlkit-barcode-scanning:16.2.0] AndroidManifest.xml:11:13-37
106            <meta-data
106-->[com.google.android.gms:play-services-mlkit-barcode-scanning:16.2.0] AndroidManifest.xml:12:13-14:85
107                android:name="com.google.firebase.components:com.google.mlkit.vision.barcode.internal.BarcodeRegistrar"
107-->[com.google.android.gms:play-services-mlkit-barcode-scanning:16.2.0] AndroidManifest.xml:13:17-120
108                android:value="com.google.firebase.components.ComponentRegistrar" />
108-->[com.google.android.gms:play-services-mlkit-barcode-scanning:16.2.0] AndroidManifest.xml:14:17-82
109            <meta-data
109-->[com.google.android.gms:play-services-mlkit-face-detection:16.2.0] AndroidManifest.xml:12:13-14:85
110                android:name="com.google.firebase.components:com.google.mlkit.vision.face.internal.FaceRegistrar"
110-->[com.google.android.gms:play-services-mlkit-face-detection:16.2.0] AndroidManifest.xml:13:17-114
111                android:value="com.google.firebase.components.ComponentRegistrar" />
111-->[com.google.android.gms:play-services-mlkit-face-detection:16.2.0] AndroidManifest.xml:14:17-82
112            <meta-data
112-->[com.google.android.gms:play-services-mlkit-text-recognition:16.3.0] AndroidManifest.xml:12:13-14:85
113                android:name="com.google.firebase.components:com.google.mlkit.vision.text.internal.TextRegistrar"
113-->[com.google.android.gms:play-services-mlkit-text-recognition:16.3.0] AndroidManifest.xml:13:17-114
114                android:value="com.google.firebase.components.ComponentRegistrar" />
114-->[com.google.android.gms:play-services-mlkit-text-recognition:16.3.0] AndroidManifest.xml:14:17-82
115            <meta-data
115-->[com.google.mlkit:vision-common:16.5.0] AndroidManifest.xml:12:13-14:85
116                android:name="com.google.firebase.components:com.google.mlkit.vision.common.internal.VisionCommonRegistrar"
116-->[com.google.mlkit:vision-common:16.5.0] AndroidManifest.xml:13:17-124
117                android:value="com.google.firebase.components.ComponentRegistrar" />
117-->[com.google.mlkit:vision-common:16.5.0] AndroidManifest.xml:14:17-82
118            <meta-data
118-->[com.google.mlkit:common:17.2.0] AndroidManifest.xml:20:13-22:85
119                android:name="com.google.firebase.components:com.google.mlkit.common.internal.CommonComponentRegistrar"
119-->[com.google.mlkit:common:17.2.0] AndroidManifest.xml:21:17-120
120                android:value="com.google.firebase.components.ComponentRegistrar" />
120-->[com.google.mlkit:common:17.2.0] AndroidManifest.xml:22:17-82
121        </service>
122
123        <provider
123-->[com.google.mlkit:common:17.2.0] AndroidManifest.xml:9:9-13:38
124            android:name="com.google.mlkit.common.internal.MlKitInitProvider"
124-->[com.google.mlkit:common:17.2.0] AndroidManifest.xml:10:13-78
125            android:authorities="com.fleet.mlkitinitprovider"
125-->[com.google.mlkit:common:17.2.0] AndroidManifest.xml:11:13-69
126            android:exported="false"
126-->[com.google.mlkit:common:17.2.0] AndroidManifest.xml:12:13-37
127            android:initOrder="99" />
127-->[com.google.mlkit:common:17.2.0] AndroidManifest.xml:13:13-35
128
129        <activity
129-->[com.google.android.gms:play-services-base:18.1.0] AndroidManifest.xml:20:9-22:45
130            android:name="com.google.android.gms.common.api.GoogleApiActivity"
130-->[com.google.android.gms:play-services-base:18.1.0] AndroidManifest.xml:20:19-85
131            android:exported="false"
131-->[com.google.android.gms:play-services-base:18.1.0] AndroidManifest.xml:22:19-43
132            android:theme="@android:style/Theme.Translucent.NoTitleBar" />
132-->[com.google.android.gms:play-services-base:18.1.0] AndroidManifest.xml:21:19-78
133
134        <meta-data
134-->[com.google.android.gms:play-services-basement:18.1.0] AndroidManifest.xml:21:9-23:69
135            android:name="com.google.android.gms.version"
135-->[com.google.android.gms:play-services-basement:18.1.0] AndroidManifest.xml:22:13-58
136            android:value="@integer/google_play_services_version" />
136-->[com.google.android.gms:play-services-basement:18.1.0] AndroidManifest.xml:23:13-66
137
138        <service
138-->[com.google.android.datatransport:transport-backend-cct:2.3.3] AndroidManifest.xml:29:9-35:19
139            android:name="com.google.android.datatransport.runtime.backends.TransportBackendDiscovery"
139-->[com.google.android.datatransport:transport-backend-cct:2.3.3] AndroidManifest.xml:30:13-103
140            android:exported="false" >
140-->[com.google.android.datatransport:transport-backend-cct:2.3.3] AndroidManifest.xml:31:13-37
141            <meta-data
141-->[com.google.android.datatransport:transport-backend-cct:2.3.3] AndroidManifest.xml:32:13-34:39
142                android:name="backend:com.google.android.datatransport.cct.CctBackendFactory"
142-->[com.google.android.datatransport:transport-backend-cct:2.3.3] AndroidManifest.xml:33:17-94
143                android:value="cct" />
143-->[com.google.android.datatransport:transport-backend-cct:2.3.3] AndroidManifest.xml:34:17-36
144        </service>
145        <service
145-->[com.google.android.datatransport:transport-runtime:2.2.6] AndroidManifest.xml:26:9-30:19
146            android:name="com.google.android.datatransport.runtime.scheduling.jobscheduling.JobInfoSchedulerService"
146-->[com.google.android.datatransport:transport-runtime:2.2.6] AndroidManifest.xml:27:13-117
147            android:exported="false"
147-->[com.google.android.datatransport:transport-runtime:2.2.6] AndroidManifest.xml:28:13-37
148            android:permission="android.permission.BIND_JOB_SERVICE" >
148-->[com.google.android.datatransport:transport-runtime:2.2.6] AndroidManifest.xml:29:13-69
149        </service>
150
151        <receiver
151-->[com.google.android.datatransport:transport-runtime:2.2.6] AndroidManifest.xml:32:9-34:40
152            android:name="com.google.android.datatransport.runtime.scheduling.jobscheduling.AlarmManagerSchedulerBroadcastReceiver"
152-->[com.google.android.datatransport:transport-runtime:2.2.6] AndroidManifest.xml:33:13-132
153            android:exported="false" />
153-->[com.google.android.datatransport:transport-runtime:2.2.6] AndroidManifest.xml:34:13-37
154
155        <meta-data
155-->[com.facebook.soloader:soloader:0.10.5] AndroidManifest.xml:12:9-14:37
156            android:name="com.facebook.soloader.enabled"
156-->[com.facebook.soloader:soloader:0.10.5] AndroidManifest.xml:13:13-57
157            android:value="false" />
157-->[com.facebook.soloader:soloader:0.10.5] AndroidManifest.xml:14:13-34
158    </application>
159
160</manifest>